<?xml version="1.0" encoding="UTF-8"?>
<testsuite name="com.example.demo.DemoApplicationTests" tests="1" skipped="0" failures="0" errors="0" timestamp="2024-01-27T14:17:37" hostname="hongjunpyoui-MacBookPro.local" time="0.735">
  <properties/>
  <testcase name="contextLoads()" classname="com.example.demo.DemoApplicationTests" time="0.735"/>
  <system-out><![CDATA[23:17:37.297 [Test worker] INFO org.springframework.test.context.support.AnnotationConfigContextLoaderUtils -- Could not detect default configuration classes for test class [com.example.demo.DemoApplicationTests]: DemoApplicationTests does not declare any static, non-private, non-final, nested classes annotated with @Configuration.
23:17:37.344 [Test worker] INFO org.springframework.boot.test.context.SpringBootTestContextBootstrapper -- Found @SpringBootConfiguration com.example.demo.DemoApplication for test class com.example.demo.DemoApplicationTests

  .   ____          _            __ _ _
 /\\ / ___'_ __ _ _(_)_ __  __ _ \ \ \ \
( ( )\___ | '_ | '_| | '_ \/ _` | \ \ \ \
 \\/  ___)| |_)| | | | | || (_| |  ) ) ) )
  '  |____| .__|_| |_|_| |_\__, | / / / /
 =========|_|==============|___/=/_/_/_/
 :: Spring Boot ::                (v3.2.2)

2024-01-27T23:17:37.494+09:00  INFO 1843 --- [    Test worker] com.example.demo.DemoApplicationTests    : Starting DemoApplicationTests using Java 17.0.9 with PID 1843 (started by hongjunpyo in /Users/hongjunpyo/Desktop/AWS_PROJECT/demo)
2024-01-27T23:17:37.495+09:00  INFO 1843 --- [    Test worker] com.example.demo.DemoApplicationTests    : No active profile set, falling back to 1 default profile: "default"
2024-01-27T23:17:37.957+09:00  INFO 1843 --- [    Test worker] com.example.demo.DemoApplicationTests    : Started DemoApplicationTests in 0.556 seconds (process running for 1.038)
]]></system-out>
  <system-err><![CDATA[]]></system-err>
</testsuite>
